<?xml version="1.0" encoding="UTF-8"?>
<!-- Generated by org.testng.reporters.JUnitReportReporter -->
<testsuite skipped="0" hostname="SUCCESS" name="tests.rest.TC005_CreateProblem_VerifythruSelenium_CreateJiraIssue_PostSlack" tests="1" failures="0" timestamp="17 Oct 2018 14:19:35 GMT" time="79.059" errors="0">
  <testcase name="createProblem" time="79.059" classname="tests.rest.TC005_CreateProblem_VerifythruSelenium_CreateJiraIssue_PostSlack"/>
</testsuite> <!-- tests.rest.TC005_CreateProblem_VerifythruSelenium_CreateJiraIssue_PostSlack -->
