<?xml version="1.0" encoding="UTF-8"?>
<!-- Generated by org.testng.reporters.JUnitReportReporter -->
<testsuite skipped="0" hostname="SUCCESS" name="tests.rest.TC001_CreateIncident" tests="1" failures="0" timestamp="14 Oct 2018 06:24:11 GMT" time="6.213" errors="0">
  <testcase name="createIncident" time="6.213" classname="tests.rest.TC001_CreateIncident"/>
</testsuite> <!-- tests.rest.TC001_CreateIncident -->
