<?xml version="1.0" encoding="UTF-8"?>
<!-- Generated by org.testng.reporters.JUnitReportReporter -->
<testsuite skipped="0" hostname="SUCCESS" name="tests.rest.TC004_GetProblems" tests="1" failures="0" timestamp="15 Oct 2018 13:12:02 GMT" time="8.181" errors="0">
  <testcase name="getProblems" time="8.181" classname="tests.rest.TC004_GetProblems"/>
</testsuite> <!-- tests.rest.TC004_GetProblems -->
