<?xml version="1.0" encoding="UTF-8"?>
<!-- Generated by org.testng.reporters.JUnitReportReporter -->
<testsuite skipped="0" hostname="SUCCESS" name="tests.rest.TC005_CreateProblem" tests="1" failures="0" timestamp="17 Oct 2018 14:04:43 GMT" time="87.925" errors="0">
  <testcase name="createProblem" time="87.925" classname="tests.rest.TC005_CreateProblem"/>
</testsuite> <!-- tests.rest.TC005_CreateProblem -->
