<?xml version="1.0" encoding="UTF-8"?>
<!-- Generated by org.testng.reporters.JUnitReportReporter -->
<testsuite skipped="0" hostname="SUCCESS" name="tests.rest.TC006_PostSlack" tests="1" failures="0" timestamp="17 Oct 2018 13:51:09 GMT" time="8.139" errors="0">
  <testcase name="createIncident" time="8.139" classname="tests.rest.TC006_PostSlack"/>
</testsuite> <!-- tests.rest.TC006_PostSlack -->
